
*** Running vivado
    with args -log clk_wiz_0.vds -m64 -product Vivado -mode batch -messageDb vivado.pb -notrace -source clk_wiz_0.tcl


****** Vivado v2016.3 (64-bit)
  **** SW Build 1682563 on Mon Oct 10 19:07:27 MDT 2016
  **** IP Build 1681267 on Mon Oct 10 21:28:31 MDT 2016
    ** Copyright 1986-2016 Xilinx, Inc. All Rights Reserved.

source clk_wiz_0.tcl -notrace
Starting RTL Elaboration : Time (s): cpu = 00:00:09 ; elapsed = 00:00:21 . Memory (MB): peak = 362.078 ; gain = 151.156
INFO: [Synth 8-638] synthesizing module 'clk_wiz_0' [w:/Desktop/ELEC 3500 LABS/lab9_3_1/lab9_3_1.srcs/sources_1/ip/clk_wiz_0/clk_wiz_0.v:70]
INFO: [Synth 8-638] synthesizing module 'clk_wiz_0_clk_wiz' [w:/Desktop/ELEC 3500 LABS/lab9_3_1/lab9_3_1.srcs/sources_1/ip/clk_wiz_0/clk_wiz_0_clk_wiz.v:68]
INFO: [Synth 8-638] synthesizing module 'IBUF' [C:/Xilinx/Vivado/2016.3/scripts/rt/data/unisim_comp.v:14146]
INFO: [Synth 8-256] done synthesizing module 'IBUF' (1#1) [C:/Xilinx/Vivado/2016.3/scripts/rt/data/unisim_comp.v:14146]
INFO: [Synth 8-638] synthesizing module 'MMCME2_ADV' [C:/Xilinx/Vivado/2016.3/scripts/rt/data/unisim_comp.v:20414]
INFO: [Synth 8-256] done synthesizing module 'MMCME2_ADV' (2#1) [C:/Xilinx/Vivado/2016.3/scripts/rt/data/unisim_comp.v:20414]
INFO: [Synth 8-638] synthesizing module 'BUFG' [C:/Xilinx/Vivado/2016.3/scripts/rt/data/unisim_comp.v:607]
INFO: [Synth 8-256] done synthesizing module 'BUFG' (3#1) [C:/Xilinx/Vivado/2016.3/scripts/rt/data/unisim_comp.v:607]
INFO: [Synth 8-256] done synthesizing module 'clk_wiz_0_clk_wiz' (4#1) [w:/Desktop/ELEC 3500 LABS/lab9_3_1/lab9_3_1.srcs/sources_1/ip/clk_wiz_0/clk_wiz_0_clk_wiz.v:68]
INFO: [Synth 8-256] done synthesizing module 'clk_wiz_0' (5#1) [w:/Desktop/ELEC 3500 LABS/lab9_3_1/lab9_3_1.srcs/sources_1/ip/clk_wiz_0/clk_wiz_0.v:70]
Finished RTL Elaboration : Time (s): cpu = 00:00:09 ; elapsed = 00:00:22 . Memory (MB): peak = 398.488 ; gain = 187.566
Finished RTL Optimization Phase 1 : Time (s): cpu = 00:00:09 ; elapsed = 00:00:23 . Memory (MB): peak = 398.488 ; gain = 187.566
INFO: [Device 21-403] Loading part xc7a100tcsg324-1
Constraint Validation Runtime : Time (s): cpu = 00:00:00 ; elapsed = 00:00:00.016 . Memory (MB): peak = 622.090 ; gain = 0.000
Finished Constraint Validation : Time (s): cpu = 00:00:19 ; elapsed = 00:00:38 . Memory (MB): peak = 622.090 ; gain = 411.168
Finished Loading Part and Timing Information : Time (s): cpu = 00:00:19 ; elapsed = 00:00:38 . Memory (MB): peak = 622.090 ; gain = 411.168
Finished applying 'set_property' XDC Constraints : Time (s): cpu = 00:00:19 ; elapsed = 00:00:38 . Memory (MB): peak = 622.090 ; gain = 411.168
Finished RTL Optimization Phase 2 : Time (s): cpu = 00:00:19 ; elapsed = 00:00:38 . Memory (MB): peak = 622.090 ; gain = 411.168
Finished Cross Boundary and Area Optimization : Time (s): cpu = 00:00:19 ; elapsed = 00:00:39 . Memory (MB): peak = 622.090 ; gain = 411.168
Finished Applying XDC Timing Constraints : Time (s): cpu = 00:00:30 ; elapsed = 00:00:50 . Memory (MB): peak = 637.797 ; gain = 426.875
Finished Timing Optimization : Time (s): cpu = 00:00:30 ; elapsed = 00:00:50 . Memory (MB): peak = 637.797 ; gain = 426.875
Finished Technology Mapping : Time (s): cpu = 00:00:30 ; elapsed = 00:00:50 . Memory (MB): peak = 647.484 ; gain = 436.563
Finished IO Insertion : Time (s): cpu = 00:00:30 ; elapsed = 00:00:50 . Memory (MB): peak = 647.484 ; gain = 436.563
Finished Renaming Generated Instances : Time (s): cpu = 00:00:30 ; elapsed = 00:00:50 . Memory (MB): peak = 647.484 ; gain = 436.563
Finished Rebuilding User Hierarchy : Time (s): cpu = 00:00:30 ; elapsed = 00:00:50 . Memory (MB): peak = 647.484 ; gain = 436.563
Finished Renaming Generated Ports : Time (s): cpu = 00:00:30 ; elapsed = 00:00:50 . Memory (MB): peak = 647.484 ; gain = 436.563
Finished Handling Custom Attributes : Time (s): cpu = 00:00:30 ; elapsed = 00:00:50 . Memory (MB): peak = 647.484 ; gain = 436.563
Finished Renaming Generated Nets : Time (s): cpu = 00:00:30 ; elapsed = 00:00:50 . Memory (MB): peak = 647.484 ; gain = 436.563

Report Cell Usage: 
+------+-----------+------+
|      |Cell       |Count |
+------+-----------+------+
|1     |BUFG       |     2|
|2     |MMCME2_ADV |     1|
|3     |IBUF       |     1|
+------+-----------+------+
Finished Writing Synthesis Report : Time (s): cpu = 00:00:30 ; elapsed = 00:00:50 . Memory (MB): peak = 647.484 ; gain = 436.563
synth_design: Time (s): cpu = 00:00:30 ; elapsed = 00:00:39 . Memory (MB): peak = 1028.590 ; gain = 743.957
